This is pdfTeX, Version 3.141592653-2.6-1.40.26 (MiKTeX 24.4) (preloaded format=pdflatex 2024.6.6)  9 JUL 2024 18:30
entering extended mode
 restricted \write18 enabled.
 file:line:error style messages enabled.
 %&-line parsing enabled.
**d:/Ma-PP/presentation.tex
(d:/Ma-PP/presentation.tex
LaTeX2e <2024-06-01>
L3 programming layer <2024-05-08>
(C:\Users\syves\AppData\Local\Programs\MiKTeX\tex/latex/beamer\beamer.cls
Document Class: beamer 2024/01/06 v3.71 A class for typesetting presentations
(C:\Users\syves\AppData\Local\Programs\MiKTeX\tex/latex/beamer\beamerbasemodes.sty (C:\Users\syves\AppData\Local\Programs\MiKTeX\tex/latex/etoolbox\etoolbox.sty
Package: etoolbox 2020/10/05 v2.5k e-TeX tools for LaTeX (JAW)
\etb@tempcnta=\count194
)
\beamer@tempbox=\box52
\beamer@tempcount=\count195
\c@beamerpauses=\count196
 (C:\Users\syves\AppData\Local\Programs\MiKTeX\tex/latex/beamer\beamerbasedecode.sty
\beamer@slideinframe=\count197
\beamer@minimum=\count198
\beamer@decode@box=\box53
)
\beamer@commentbox=\box54
\beamer@modecount=\count199
) (C:\Users\syves\AppData\Local\Programs\MiKTeX\tex/generic/iftex\iftex.sty
Package: iftex 2022/02/03 v1.0f TeX engine tests
)
\headdp=\dimen141
\footheight=\dimen142
\sidebarheight=\dimen143
\beamer@tempdim=\dimen144
\beamer@finalheight=\dimen145
\beamer@animht=\dimen146
\beamer@animdp=\dimen147
\beamer@animwd=\dimen148
\beamer@leftmargin=\dimen149
\beamer@rightmargin=\dimen150
\beamer@leftsidebar=\dimen151
\beamer@rightsidebar=\dimen152
\beamer@boxsize=\dimen153
\beamer@vboxoffset=\dimen154
\beamer@descdefault=\dimen155
\beamer@descriptionwidth=\dimen156
\beamer@lastskip=\skip49
\beamer@areabox=\box55
\beamer@animcurrent=\box56
\beamer@animshowbox=\box57
\beamer@sectionbox=\box58
\beamer@logobox=\box59
\beamer@linebox=\box60
\beamer@sectioncount=\count266
\beamer@subsubsectionmax=\count267
\beamer@subsectionmax=\count268
\beamer@sectionmax=\count269
\beamer@totalheads=\count270
\beamer@headcounter=\count271
\beamer@partstartpage=\count272
\beamer@sectionstartpage=\count273
\beamer@subsectionstartpage=\count274
\beamer@animationtempa=\count275
\beamer@animationtempb=\count276
\beamer@xpos=\count277
\beamer@ypos=\count278
\beamer@ypos@offset=\count279
\beamer@showpartnumber=\count280
\beamer@currentsubsection=\count281
\beamer@coveringdepth=\count282
\beamer@sectionadjust=\count283
\beamer@toclastsection=\count284
\beamer@tocsectionnumber=\count285
 (C:\Users\syves\AppData\Local\Programs\MiKTeX\tex/latex/beamer\beamerbaseoptions.sty (C:\Users\syves\AppData\Local\Programs\MiKTeX\tex/latex/graphics\keyval.sty
Package: keyval 2022/05/29 v1.15 key=value parser (DPC)
\KV@toks@=\toks17
))
\beamer@paperwidth=\skip50
\beamer@paperheight=\skip51
 (C:\Users\syves\AppData\Local\Programs\MiKTeX\tex/latex/geometry\geometry.sty
Package: geometry 2020/01/02 v5.9 Page Geometry
 (C:\Users\syves\AppData\Local\Programs\MiKTeX\tex/generic/iftex\ifvtex.sty
Package: ifvtex 2019/10/25 v1.7 ifvtex legacy package. Use iftex instead.
)
\Gm@cnth=\count286
\Gm@cntv=\count287
\c@Gm@tempcnt=\count288
\Gm@bindingoffset=\dimen157
\Gm@wd@mp=\dimen158
\Gm@odd@mp=\dimen159
\Gm@even@mp=\dimen160
\Gm@layoutwidth=\dimen161
\Gm@layoutheight=\dimen162
\Gm@layouthoffset=\dimen163
\Gm@layoutvoffset=\dimen164
\Gm@dimlist=\toks18
 (C:\Users\syves\AppData\Local\Programs\MiKTeX\tex/latex/geometry\geometry.cfg)) (C:\Users\syves\AppData\Local\Programs\MiKTeX\tex/latex/pgf/math\pgfmath.sty (C:\Users\syves\AppData\Local\Programs\MiKTeX\tex/latex/pgf/utilities\pgfrcs.sty (C:\Users\syves\AppData\Local\Programs\MiKTeX\tex/generic/pgf/utilities\pgfutil-common.tex
\pgfutil@everybye=\toks19
\pgfutil@tempdima=\dimen165
\pgfutil@tempdimb=\dimen166
) (C:\Users\syves\AppData\Local\Programs\MiKTeX\tex/generic/pgf/utilities\pgfutil-latex.def
\pgfutil@abb=\box61
) (C:\Users\syves\AppData\Local\Programs\MiKTeX\tex/generic/pgf/utilities\pgfrcs.code.tex (C:\Users\syves\AppData\Local\Programs\MiKTeX\tex/generic/pgf\pgf.revision.tex)
Package: pgfrcs 2023-01-15 v3.1.10 (3.1.10)
)) (C:\Users\syves\AppData\Local\Programs\MiKTeX\tex/latex/pgf/utilities\pgfkeys.sty (C:\Users\syves\AppData\Local\Programs\MiKTeX\tex/generic/pgf/utilities\pgfkeys.code.tex
\pgfkeys@pathtoks=\toks20
\pgfkeys@temptoks=\toks21
 (C:\Users\syves\AppData\Local\Programs\MiKTeX\tex/generic/pgf/utilities\pgfkeyslibraryfiltered.code.tex
\pgfkeys@tmptoks=\toks22
))) (C:\Users\syves\AppData\Local\Programs\MiKTeX\tex/generic/pgf/math\pgfmath.code.tex (C:\Users\syves\AppData\Local\Programs\MiKTeX\tex/generic/pgf/math\pgfmathutil.code.tex
\pgf@x=\dimen167
\pgf@xa=\dimen168
\pgf@xb=\dimen169
\pgf@xc=\dimen170
\pgf@y=\dimen171
\pgf@ya=\dimen172
\pgf@yb=\dimen173
\pgf@yc=\dimen174
\c@pgf@counta=\count289
\c@pgf@countb=\count290
\c@pgf@countc=\count291
\c@pgf@countd=\count292
) (C:\Users\syves\AppData\Local\Programs\MiKTeX\tex/generic/pgf/math\pgfmathparser.code.tex
\pgfmath@dimen=\dimen175
\pgfmath@count=\count293
\pgfmath@box=\box62
\pgfmath@toks=\toks23
\pgfmath@stack@operand=\toks24
\pgfmath@stack@operation=\toks25
) (C:\Users\syves\AppData\Local\Programs\MiKTeX\tex/generic/pgf/math\pgfmathfunctions.code.tex) (C:\Users\syves\AppData\Local\Programs\MiKTeX\tex/generic/pgf/math\pgfmathfunctions.basic.code.tex) (C:\Users\syves\AppData\Local\Programs\MiKTeX\tex/generic/pgf/math\pgfmathfunctions.trigonometric.code.tex) (C:\Users\syves\AppData\Local\Programs\MiKTeX\tex/generic/pgf/math\pgfmathfunctions.random.code.tex) (C:\Users\syves\AppData\Local\Programs\MiKTeX\tex/generic/pgf/math\pgfmathfunctions.comparison.code.tex) (C:\Users\syves\AppData\Local\Programs\MiKTeX\tex/generic/pgf/math\pgfmathfunctions.base.code.tex) (C:\Users\syves\AppData\Local\Programs\MiKTeX\tex/generic/pgf/math\pgfmathfunctions.round.code.tex) (C:\Users\syves\AppData\Local\Programs\MiKTeX\tex/generic/pgf/math\pgfmathfunctions.misc.code.tex) (C:\Users\syves\AppData\Local\Programs\MiKTeX\tex/generic/pgf/math\pgfmathfunctions.integerarithmetics.code.tex) (C:\Users\syves\AppData\Local\Programs\MiKTeX\tex/generic/pgf/math\pgfmathcalc.code.tex) (C:\Users\syves\AppData\Local\Programs\MiKTeX\tex/generic/pgf/math\pgfmathfloat.code.tex
\c@pgfmathroundto@lastzeros=\count294
))) (C:\Users\syves\AppData\Local\Programs\MiKTeX\tex/latex/base\size11.clo
File: size11.clo 2024/02/08 v1.4n Standard LaTeX file (size option)
) (C:\Users\syves\AppData\Local\Programs\MiKTeX\tex/latex/pgf/basiclayer\pgfcore.sty (C:\Users\syves\AppData\Local\Programs\MiKTeX\tex/latex/graphics\graphicx.sty
Package: graphicx 2021/09/16 v1.2d Enhanced LaTeX Graphics (DPC,SPQR)
 (C:\Users\syves\AppData\Local\Programs\MiKTeX\tex/latex/graphics\graphics.sty
Package: graphics 2022/03/10 v1.4e Standard LaTeX Graphics (DPC,SPQR)
 (C:\Users\syves\AppData\Local\Programs\MiKTeX\tex/latex/graphics\trig.sty
Package: trig 2021/08/11 v1.11 sin cos tan (DPC)
) (C:\Users\syves\AppData\Local\Programs\MiKTeX\tex/latex/graphics-cfg\graphics.cfg
File: graphics.cfg 2016/06/04 v1.11 sample graphics configuration
)
Package graphics Info: Driver file: pdftex.def on input line 107.
 (C:\Users\syves\AppData\Local\Programs\MiKTeX\tex/latex/graphics-def\pdftex.def
File: pdftex.def 2024/04/13 v1.2c Graphics/color driver for pdftex
))
\Gin@req@height=\dimen176
\Gin@req@width=\dimen177
) (C:\Users\syves\AppData\Local\Programs\MiKTeX\tex/latex/pgf/systemlayer\pgfsys.sty (C:\Users\syves\AppData\Local\Programs\MiKTeX\tex/generic/pgf/systemlayer\pgfsys.code.tex
Package: pgfsys 2023-01-15 v3.1.10 (3.1.10)
\pgf@x=\dimen178
\pgf@y=\dimen179
\pgf@xa=\dimen180
\pgf@ya=\dimen181
\pgf@xb=\dimen182
\pgf@yb=\dimen183
\pgf@xc=\dimen184
\pgf@yc=\dimen185
\pgf@xd=\dimen186
\pgf@yd=\dimen187
\w@pgf@writea=\write3
\r@pgf@reada=\read2
\c@pgf@counta=\count295
\c@pgf@countb=\count296
\c@pgf@countc=\count297
\c@pgf@countd=\count298
\t@pgf@toka=\toks26
\t@pgf@tokb=\toks27
\t@pgf@tokc=\toks28
\pgf@sys@id@count=\count299
 (C:\Users\syves\AppData\Local\Programs\MiKTeX\tex/generic/pgf/systemlayer\pgf.cfg
File: pgf.cfg 2023-01-15 v3.1.10 (3.1.10)
)
Driver file for pgf: pgfsys-pdftex.def
 (C:\Users\syves\AppData\Local\Programs\MiKTeX\tex/generic/pgf/systemlayer\pgfsys-pdftex.def
File: pgfsys-pdftex.def 2023-01-15 v3.1.10 (3.1.10)
 (C:\Users\syves\AppData\Local\Programs\MiKTeX\tex/generic/pgf/systemlayer\pgfsys-common-pdf.def
File: pgfsys-common-pdf.def 2023-01-15 v3.1.10 (3.1.10)
))) (C:\Users\syves\AppData\Local\Programs\MiKTeX\tex/generic/pgf/systemlayer\pgfsyssoftpath.code.tex
File: pgfsyssoftpath.code.tex 2023-01-15 v3.1.10 (3.1.10)
\pgfsyssoftpath@smallbuffer@items=\count300
\pgfsyssoftpath@bigbuffer@items=\count301
) (C:\Users\syves\AppData\Local\Programs\MiKTeX\tex/generic/pgf/systemlayer\pgfsysprotocol.code.tex
File: pgfsysprotocol.code.tex 2023-01-15 v3.1.10 (3.1.10)
)) (C:\Users\syves\AppData\Local\Programs\MiKTeX\tex/latex/xcolor\xcolor.sty
Package: xcolor 2023/11/15 v3.01 LaTeX color extensions (UK)
 (C:\Users\syves\AppData\Local\Programs\MiKTeX\tex/latex/graphics-cfg\color.cfg
File: color.cfg 2016/01/02 v1.6 sample color configuration
)
Package xcolor Info: Driver file: pdftex.def on input line 274.
 (C:\Users\syves\AppData\Local\Programs\MiKTeX\tex/latex/graphics\mathcolor.ltx)
Package xcolor Info: Model `cmy' substituted by `cmy0' on input line 1350.
Package xcolor Info: Model `hsb' substituted by `rgb' on input line 1354.
Package xcolor Info: Model `RGB' extended on input line 1366.
Package xcolor Info: Model `HTML' substituted by `rgb' on input line 1368.
Package xcolor Info: Model `Hsb' substituted by `hsb' on input line 1369.
Package xcolor Info: Model `tHsb' substituted by `hsb' on input line 1370.
Package xcolor Info: Model `HSB' substituted by `hsb' on input line 1371.
Package xcolor Info: Model `Gray' substituted by `gray' on input line 1372.
Package xcolor Info: Model `wave' substituted by `hsb' on input line 1373.
) (C:\Users\syves\AppData\Local\Programs\MiKTeX\tex/generic/pgf/basiclayer\pgfcore.code.tex
Package: pgfcore 2023-01-15 v3.1.10 (3.1.10)
 (C:\Users\syves\AppData\Local\Programs\MiKTeX\tex/generic/pgf/math\pgfint.code.tex) (C:\Users\syves\AppData\Local\Programs\MiKTeX\tex/generic/pgf/basiclayer\pgfcorepoints.code.tex
File: pgfcorepoints.code.tex 2023-01-15 v3.1.10 (3.1.10)
\pgf@picminx=\dimen188
\pgf@picmaxx=\dimen189
\pgf@picminy=\dimen190
\pgf@picmaxy=\dimen191
\pgf@pathminx=\dimen192
\pgf@pathmaxx=\dimen193
\pgf@pathminy=\dimen194
\pgf@pathmaxy=\dimen195
\pgf@xx=\dimen196
\pgf@xy=\dimen197
\pgf@yx=\dimen198
\pgf@yy=\dimen199
\pgf@zx=\dimen256
\pgf@zy=\dimen257
) (C:\Users\syves\AppData\Local\Programs\MiKTeX\tex/generic/pgf/basiclayer\pgfcorepathconstruct.code.tex
File: pgfcorepathconstruct.code.tex 2023-01-15 v3.1.10 (3.1.10)
\pgf@path@lastx=\dimen258
\pgf@path@lasty=\dimen259
) (C:\Users\syves\AppData\Local\Programs\MiKTeX\tex/generic/pgf/basiclayer\pgfcorepathusage.code.tex
File: pgfcorepathusage.code.tex 2023-01-15 v3.1.10 (3.1.10)
\pgf@shorten@end@additional=\dimen260
\pgf@shorten@start@additional=\dimen261
) (C:\Users\syves\AppData\Local\Programs\MiKTeX\tex/generic/pgf/basiclayer\pgfcorescopes.code.tex
File: pgfcorescopes.code.tex 2023-01-15 v3.1.10 (3.1.10)
\pgfpic=\box63
\pgf@hbox=\box64
\pgf@layerbox@main=\box65
\pgf@picture@serial@count=\count302
) (C:\Users\syves\AppData\Local\Programs\MiKTeX\tex/generic/pgf/basiclayer\pgfcoregraphicstate.code.tex
File: pgfcoregraphicstate.code.tex 2023-01-15 v3.1.10 (3.1.10)
\pgflinewidth=\dimen262
) (C:\Users\syves\AppData\Local\Programs\MiKTeX\tex/generic/pgf/basiclayer\pgfcoretransformations.code.tex
File: pgfcoretransformations.code.tex 2023-01-15 v3.1.10 (3.1.10)
\pgf@pt@x=\dimen263
\pgf@pt@y=\dimen264
\pgf@pt@temp=\dimen265
) (C:\Users\syves\AppData\Local\Programs\MiKTeX\tex/generic/pgf/basiclayer\pgfcorequick.code.tex
File: pgfcorequick.code.tex 2023-01-15 v3.1.10 (3.1.10)
) (C:\Users\syves\AppData\Local\Programs\MiKTeX\tex/generic/pgf/basiclayer\pgfcoreobjects.code.tex
File: pgfcoreobjects.code.tex 2023-01-15 v3.1.10 (3.1.10)
) (C:\Users\syves\AppData\Local\Programs\MiKTeX\tex/generic/pgf/basiclayer\pgfcorepathprocessing.code.tex
File: pgfcorepathprocessing.code.tex 2023-01-15 v3.1.10 (3.1.10)
) (C:\Users\syves\AppData\Local\Programs\MiKTeX\tex/generic/pgf/basiclayer\pgfcorearrows.code.tex
File: pgfcorearrows.code.tex 2023-01-15 v3.1.10 (3.1.10)
\pgfarrowsep=\dimen266
) (C:\Users\syves\AppData\Local\Programs\MiKTeX\tex/generic/pgf/basiclayer\pgfcoreshade.code.tex
File: pgfcoreshade.code.tex 2023-01-15 v3.1.10 (3.1.10)
\pgf@max=\dimen267
\pgf@sys@shading@range@num=\count303
\pgf@shadingcount=\count304
) (C:\Users\syves\AppData\Local\Programs\MiKTeX\tex/generic/pgf/basiclayer\pgfcoreimage.code.tex
File: pgfcoreimage.code.tex 2023-01-15 v3.1.10 (3.1.10)
) (C:\Users\syves\AppData\Local\Programs\MiKTeX\tex/generic/pgf/basiclayer\pgfcoreexternal.code.tex
File: pgfcoreexternal.code.tex 2023-01-15 v3.1.10 (3.1.10)
\pgfexternal@startupbox=\box66
) (C:\Users\syves\AppData\Local\Programs\MiKTeX\tex/generic/pgf/basiclayer\pgfcorelayers.code.tex
File: pgfcorelayers.code.tex 2023-01-15 v3.1.10 (3.1.10)
) (C:\Users\syves\AppData\Local\Programs\MiKTeX\tex/generic/pgf/basiclayer\pgfcoretransparency.code.tex
File: pgfcoretransparency.code.tex 2023-01-15 v3.1.10 (3.1.10)
) (C:\Users\syves\AppData\Local\Programs\MiKTeX\tex/generic/pgf/basiclayer\pgfcorepatterns.code.tex
File: pgfcorepatterns.code.tex 2023-01-15 v3.1.10 (3.1.10)
) (C:\Users\syves\AppData\Local\Programs\MiKTeX\tex/generic/pgf/basiclayer\pgfcorerdf.code.tex
File: pgfcorerdf.code.tex 2023-01-15 v3.1.10 (3.1.10)
))) (C:\Users\syves\AppData\Local\Programs\MiKTeX\tex/latex/pgf/utilities\xxcolor.sty
Package: xxcolor 2003/10/24 ver 0.1
\XC@nummixins=\count305
\XC@countmixins=\count306
) (C:\Users\syves\AppData\Local\Programs\MiKTeX\tex/latex/base\atbegshi-ltx.sty
Package: atbegshi-ltx 2021/01/10 v1.0c Emulation of the original atbegshi
package with kernel methods
) (C:\Users\syves\AppData\Local\Programs\MiKTeX\tex/latex/hyperref\hyperref.sty
Package: hyperref 2024-05-23 v7.01i Hypertext links for LaTeX
 (C:\Users\syves\AppData\Local\Programs\MiKTeX\tex/latex/kvsetkeys\kvsetkeys.sty
Package: kvsetkeys 2022-10-05 v1.19 Key value parser (HO)
) (C:\Users\syves\AppData\Local\Programs\MiKTeX\tex/generic/kvdefinekeys\kvdefinekeys.sty
Package: kvdefinekeys 2019-12-19 v1.6 Define keys (HO)
) (C:\Users\syves\AppData\Local\Programs\MiKTeX\tex/generic/pdfescape\pdfescape.sty
Package: pdfescape 2019/12/09 v1.15 Implements pdfTeX's escape features (HO)
 (C:\Users\syves\AppData\Local\Programs\MiKTeX\tex/generic/ltxcmds\ltxcmds.sty
Package: ltxcmds 2023-12-04 v1.26 LaTeX kernel commands for general use (HO)
) (C:\Users\syves\AppData\Local\Programs\MiKTeX\tex/generic/pdftexcmds\pdftexcmds.sty
Package: pdftexcmds 2020-06-27 v0.33 Utility functions of pdfTeX for LuaTeX (HO)
 (C:\Users\syves\AppData\Local\Programs\MiKTeX\tex/generic/infwarerr\infwarerr.sty
Package: infwarerr 2019/12/03 v1.5 Providing info/warning/error messages (HO)
)
Package pdftexcmds Info: \pdf@primitive is available.
Package pdftexcmds Info: \pdf@ifprimitive is available.
Package pdftexcmds Info: \pdfdraftmode found.
)) (C:\Users\syves\AppData\Local\Programs\MiKTeX\tex/latex/hycolor\hycolor.sty
Package: hycolor 2020-01-27 v1.10 Color options for hyperref/bookmark (HO)
) (C:\Users\syves\AppData\Local\Programs\MiKTeX\tex/latex/hyperref\nameref.sty
Package: nameref 2023-11-26 v2.56 Cross-referencing by name of section
 (C:\Users\syves\AppData\Local\Programs\MiKTeX\tex/latex/refcount\refcount.sty
Package: refcount 2019/12/15 v3.6 Data extraction from label references (HO)
) (C:\Users\syves\AppData\Local\Programs\MiKTeX\tex/generic/gettitlestring\gettitlestring.sty
Package: gettitlestring 2019/12/15 v1.6 Cleanup title references (HO)
 (C:\Users\syves\AppData\Local\Programs\MiKTeX\tex/latex/kvoptions\kvoptions.sty
Package: kvoptions 2022-06-15 v3.15 Key value format for package options (HO)
))
\c@section@level=\count307
) (C:\Users\syves\AppData\Local\Programs\MiKTeX\tex/generic/stringenc\stringenc.sty
Package: stringenc 2019/11/29 v1.12 Convert strings between diff. encodings (HO)
)
\@linkdim=\dimen268
\Hy@linkcounter=\count308
\Hy@pagecounter=\count309
 (C:\Users\syves\AppData\Local\Programs\MiKTeX\tex/latex/hyperref\pd1enc.def
File: pd1enc.def 2024-05-23 v7.01i Hyperref: PDFDocEncoding definition (HO)
Now handling font encoding PD1 ...
... no UTF-8 mapping file for font encoding PD1
) (C:\Users\syves\AppData\Local\Programs\MiKTeX\tex/generic/intcalc\intcalc.sty
Package: intcalc 2019/12/15 v1.3 Expandable calculations with integers (HO)
)
\Hy@SavedSpaceFactor=\count310
 (C:\Users\syves\AppData\Local\Programs\MiKTeX\tex/latex/hyperref\puenc.def
File: puenc.def 2024-05-23 v7.01i Hyperref: PDF Unicode definition (HO)
Now handling font encoding PU ...
... no UTF-8 mapping file for font encoding PU
)
Package hyperref Info: Option `bookmarks' set `true' on input line 4040.
Package hyperref Info: Option `bookmarksopen' set `true' on input line 4040.
Package hyperref Info: Option `implicit' set `false' on input line 4040.
Package hyperref Info: Hyper figures OFF on input line 4157.
Package hyperref Info: Link nesting OFF on input line 4162.
Package hyperref Info: Hyper index ON on input line 4165.
Package hyperref Info: Plain pages OFF on input line 4172.
Package hyperref Info: Backreferencing OFF on input line 4177.
Package hyperref Info: Implicit mode OFF; no redefinition of LaTeX internals.
Package hyperref Info: Bookmarks ON on input line 4424.
\c@Hy@tempcnt=\count311
 (C:\Users\syves\AppData\Local\Programs\MiKTeX\tex/latex/url\url.sty
\Urlmuskip=\muskip17
Package: url 2013/09/16  ver 3.4  Verb mode for urls, etc.
)
LaTeX Info: Redefining \url on input line 4763.
\XeTeXLinkMargin=\dimen269
 (C:\Users\syves\AppData\Local\Programs\MiKTeX\tex/generic/bitset\bitset.sty
Package: bitset 2019/12/09 v1.3 Handle bit-vector datatype (HO)
 (C:\Users\syves\AppData\Local\Programs\MiKTeX\tex/generic/bigintcalc\bigintcalc.sty
Package: bigintcalc 2019/12/15 v1.5 Expandable calculations on big integers (HO)
))
\Fld@menulength=\count312
\Field@Width=\dimen270
\Fld@charsize=\dimen271
Package hyperref Info: Hyper figures OFF on input line 6042.
Package hyperref Info: Link nesting OFF on input line 6047.
Package hyperref Info: Hyper index ON on input line 6050.
Package hyperref Info: backreferencing OFF on input line 6057.
Package hyperref Info: Link coloring OFF on input line 6062.
Package hyperref Info: Link coloring with OCG OFF on input line 6067.
Package hyperref Info: PDF/A mode OFF on input line 6072.
\Hy@abspage=\count313


Package hyperref Message: Stopped early.

)
Package hyperref Info: Driver (autodetected): hpdftex.
 (C:\Users\syves\AppData\Local\Programs\MiKTeX\tex/latex/hyperref\hpdftex.def
File: hpdftex.def 2024-05-23 v7.01i Hyperref driver for pdfTeX
 (C:\Users\syves\AppData\Local\Programs\MiKTeX\tex/latex/base\atveryend-ltx.sty
Package: atveryend-ltx 2020/08/19 v1.0a Emulation of the original atveryend package
with kernel methods
)
\Fld@listcount=\count314
\c@bookmark@seq@number=\count315
 (C:\Users\syves\AppData\Local\Programs\MiKTeX\tex/latex/rerunfilecheck\rerunfilecheck.sty
Package: rerunfilecheck 2022-07-10 v1.10 Rerun checks for auxiliary files (HO)
 (C:\Users\syves\AppData\Local\Programs\MiKTeX\tex/generic/uniquecounter\uniquecounter.sty
Package: uniquecounter 2019/12/15 v1.4 Provide unlimited unique counter (HO)
)
Package uniquecounter Info: New unique counter `rerunfilecheck' on input line 285.
)) (C:\Users\syves\AppData\Local\Programs\MiKTeX\tex/latex/beamer\beamerbaserequires.sty (C:\Users\syves\AppData\Local\Programs\MiKTeX\tex/latex/beamer\beamerbasecompatibility.sty) (C:\Users\syves\AppData\Local\Programs\MiKTeX\tex/latex/beamer\beamerbasefont.sty (C:\Users\syves\AppData\Local\Programs\MiKTeX\tex/latex/amsfonts\amssymb.sty
Package: amssymb 2013/01/14 v3.01 AMS font symbols
 (C:\Users\syves\AppData\Local\Programs\MiKTeX\tex/latex/amsfonts\amsfonts.sty
Package: amsfonts 2013/01/14 v3.01 Basic AMSFonts support
\@emptytoks=\toks29
\symAMSa=\mathgroup4
\symAMSb=\mathgroup5
LaTeX Font Info:    Redeclaring math symbol \hbar on input line 98.
LaTeX Font Info:    Overwriting math alphabet `\mathfrak' in version `bold'
(Font)                  U/euf/m/n --> U/euf/b/n on input line 106.
)) (C:\Users\syves\AppData\Local\Programs\MiKTeX\tex/latex/sansmathaccent\sansmathaccent.sty
Package: sansmathaccent 2020/01/31
 (C:\Users\syves\AppData\Local\Programs\MiKTeX\tex/latex/koma-script\scrlfile.sty
Package: scrlfile 2023/07/07 v3.41 KOMA-Script package (file load hooks)
 (C:\Users\syves\AppData\Local\Programs\MiKTeX\tex/latex/koma-script\scrlfile-hook.sty
Package: scrlfile-hook 2023/07/07 v3.41 KOMA-Script package (using LaTeX hooks)
 (C:\Users\syves\AppData\Local\Programs\MiKTeX\tex/latex/koma-script\scrlogo.sty
Package: scrlogo 2023/07/07 v3.41 KOMA-Script package (logo)
))))) (C:\Users\syves\AppData\Local\Programs\MiKTeX\tex/latex/beamer\beamerbasetranslator.sty (C:\Users\syves\AppData\Local\Programs\MiKTeX\tex/latex/translator\translator.sty
Package: translator 2021-05-31 v1.12d Easy translation of strings in LaTeX
)) (C:\Users\syves\AppData\Local\Programs\MiKTeX\tex/latex/beamer\beamerbasemisc.sty) (C:\Users\syves\AppData\Local\Programs\MiKTeX\tex/latex/beamer\beamerbasetwoscreens.sty) (C:\Users\syves\AppData\Local\Programs\MiKTeX\tex/latex/beamer\beamerbaseoverlay.sty
\beamer@argscount=\count316
\beamer@lastskipcover=\skip52
\beamer@trivlistdepth=\count317
) (C:\Users\syves\AppData\Local\Programs\MiKTeX\tex/latex/beamer\beamerbasetitle.sty) (C:\Users\syves\AppData\Local\Programs\MiKTeX\tex/latex/beamer\beamerbasesection.sty
\c@lecture=\count318
\c@part=\count319
\c@section=\count320
\c@subsection=\count321
\c@subsubsection=\count322
) (C:\Users\syves\AppData\Local\Programs\MiKTeX\tex/latex/beamer\beamerbaseframe.sty
\beamer@framebox=\box67
\beamer@frametitlebox=\box68
\beamer@zoombox=\box69
\beamer@zoomcount=\count323
\beamer@zoomframecount=\count324
\beamer@frametextheight=\dimen272
\c@subsectionslide=\count325
\beamer@frametopskip=\skip53
\beamer@framebottomskip=\skip54
\beamer@frametopskipautobreak=\skip55
\beamer@framebottomskipautobreak=\skip56
\beamer@envbody=\toks30
\framewidth=\dimen273
\c@framenumber=\count326
) (C:\Users\syves\AppData\Local\Programs\MiKTeX\tex/latex/beamer\beamerbaseverbatim.sty
\beamer@verbatimfileout=\write4
) (C:\Users\syves\AppData\Local\Programs\MiKTeX\tex/latex/beamer\beamerbaseframesize.sty
\beamer@splitbox=\box70
\beamer@autobreakcount=\count327
\beamer@autobreaklastheight=\dimen274
\beamer@frametitletoks=\toks31
\beamer@framesubtitletoks=\toks32
) (C:\Users\syves\AppData\Local\Programs\MiKTeX\tex/latex/beamer\beamerbaseframecomponents.sty
\beamer@footins=\box71
) (C:\Users\syves\AppData\Local\Programs\MiKTeX\tex/latex/beamer\beamerbasecolor.sty) (C:\Users\syves\AppData\Local\Programs\MiKTeX\tex/latex/beamer\beamerbasenotes.sty
\beamer@frameboxcopy=\box72
) (C:\Users\syves\AppData\Local\Programs\MiKTeX\tex/latex/beamer\beamerbasetoc.sty) (C:\Users\syves\AppData\Local\Programs\MiKTeX\tex/latex/beamer\beamerbasetemplates.sty
\beamer@sbttoks=\toks33
 (C:\Users\syves\AppData\Local\Programs\MiKTeX\tex/latex/beamer\beamerbaseauxtemplates.sty (C:\Users\syves\AppData\Local\Programs\MiKTeX\tex/latex/beamer\beamerbaseboxes.sty
\bmb@box=\box73
\bmb@colorbox=\box74
\bmb@boxwidth=\dimen275
\bmb@boxheight=\dimen276
\bmb@prevheight=\dimen277
\bmb@temp=\dimen278
\bmb@dima=\dimen279
\bmb@dimb=\dimen280
\bmb@prevheight=\dimen281
)
\beamer@blockheadheight=\dimen282
)) (C:\Users\syves\AppData\Local\Programs\MiKTeX\tex/latex/beamer\beamerbaselocalstructure.sty (C:\Users\syves\AppData\Local\Programs\MiKTeX\tex/latex/tools\enumerate.sty
Package: enumerate 2023/07/04 v3.00 enumerate extensions (DPC)
\@enLab=\toks34
)
\beamer@bibiconwidth=\skip57
\c@figure=\count328
\c@table=\count329
\abovecaptionskip=\skip58
\belowcaptionskip=\skip59
) (C:\Users\syves\AppData\Local\Programs\MiKTeX\tex/latex/beamer\beamerbasenavigation.sty (C:\Users\syves\AppData\Local\Programs\MiKTeX\tex/latex/beamer\beamerbasenavigationsymbols.tex)
\beamer@section@min@dim=\dimen283
) (C:\Users\syves\AppData\Local\Programs\MiKTeX\tex/latex/beamer\beamerbasetheorems.sty (C:\Users\syves\AppData\Local\Programs\MiKTeX\tex/latex/amsmath\amsmath.sty
Package: amsmath 2023/05/13 v2.17o AMS math features
\@mathmargin=\skip60

For additional information on amsmath, use the `?' option.
(C:\Users\syves\AppData\Local\Programs\MiKTeX\tex/latex/amsmath\amstext.sty
Package: amstext 2021/08/26 v2.01 AMS text
 (C:\Users\syves\AppData\Local\Programs\MiKTeX\tex/latex/amsmath\amsgen.sty
File: amsgen.sty 1999/11/30 v2.0 generic functions
\@emptytoks=\toks35
\ex@=\dimen284
)) (C:\Users\syves\AppData\Local\Programs\MiKTeX\tex/latex/amsmath\amsbsy.sty
Package: amsbsy 1999/11/29 v1.2d Bold Symbols
\pmbraise@=\dimen285
) (C:\Users\syves\AppData\Local\Programs\MiKTeX\tex/latex/amsmath\amsopn.sty
Package: amsopn 2022/04/08 v2.04 operator names
)
\inf@bad=\count330
LaTeX Info: Redefining \frac on input line 234.
\uproot@=\count331
\leftroot@=\count332
LaTeX Info: Redefining \overline on input line 399.
LaTeX Info: Redefining \colon on input line 410.
\classnum@=\count333
\DOTSCASE@=\count334
LaTeX Info: Redefining \ldots on input line 496.
LaTeX Info: Redefining \dots on input line 499.
LaTeX Info: Redefining \cdots on input line 620.
\Mathstrutbox@=\box75
\strutbox@=\box76
LaTeX Info: Redefining \big on input line 722.
LaTeX Info: Redefining \Big on input line 723.
LaTeX Info: Redefining \bigg on input line 724.
LaTeX Info: Redefining \Bigg on input line 725.
\big@size=\dimen286
LaTeX Font Info:    Redeclaring font encoding OML on input line 743.
LaTeX Font Info:    Redeclaring font encoding OMS on input line 744.
\macc@depth=\count335
LaTeX Info: Redefining \bmod on input line 905.
LaTeX Info: Redefining \pmod on input line 910.
LaTeX Info: Redefining \smash on input line 940.
LaTeX Info: Redefining \relbar on input line 970.
LaTeX Info: Redefining \Relbar on input line 971.
\c@MaxMatrixCols=\count336
\dotsspace@=\muskip18
\c@parentequation=\count337
\dspbrk@lvl=\count338
\tag@help=\toks36
\row@=\count339
\column@=\count340
\maxfields@=\count341
\andhelp@=\toks37
\eqnshift@=\dimen287
\alignsep@=\dimen288
\tagshift@=\dimen289
\tagwidth@=\dimen290
\totwidth@=\dimen291
\lineht@=\dimen292
\@envbody=\toks38
\multlinegap=\skip61
\multlinetaggap=\skip62
\mathdisplay@stack=\toks39
LaTeX Info: Redefining \[ on input line 2953.
LaTeX Info: Redefining \] on input line 2954.
) (C:\Users\syves\AppData\Local\Programs\MiKTeX\tex/latex/amscls\amsthm.sty
Package: amsthm 2020/05/29 v2.20.6
\thm@style=\toks40
\thm@bodyfont=\toks41
\thm@headfont=\toks42
\thm@notefont=\toks43
\thm@headpunct=\toks44
\thm@preskip=\skip63
\thm@postskip=\skip64
\thm@headsep=\skip65
\dth@everypar=\toks45
)
\c@theorem=\count342
) (C:\Users\syves\AppData\Local\Programs\MiKTeX\tex/latex/beamer\beamerbasethemes.sty)) (C:\Users\syves\AppData\Local\Programs\MiKTeX\tex/latex/beamer\beamerthemedefault.sty (C:\Users\syves\AppData\Local\Programs\MiKTeX\tex/latex/beamer\beamerfontthemedefault.sty) (C:\Users\syves\AppData\Local\Programs\MiKTeX\tex/latex/beamer\beamercolorthemedefault.sty) (C:\Users\syves\AppData\Local\Programs\MiKTeX\tex/latex/beamer\beamerinnerthemedefault.sty
\beamer@dima=\dimen293
\beamer@dimb=\dimen294
) (C:\Users\syves\AppData\Local\Programs\MiKTeX\tex/latex/beamer\beamerouterthemedefault.sty))) (C:\Users\syves\AppData\Local\Programs\MiKTeX\tex/latex/caption\caption.sty
Package: caption 2023/08/05 v3.6o Customizing captions (AR)
 (C:\Users\syves\AppData\Local\Programs\MiKTeX\tex/latex/caption\caption3.sty
Package: caption3 2023/07/31 v2.4d caption3 kernel (AR)
\caption@tempdima=\dimen295
\captionmargin=\dimen296
\caption@leftmargin=\dimen297
\caption@rightmargin=\dimen298
\caption@width=\dimen299
\caption@indent=\dimen300
\caption@parindent=\dimen301
\caption@hangindent=\dimen302
Package caption Info: beamer document class detected.
 (C:\Users\syves\AppData\Local\Programs\MiKTeX\tex/latex/caption\caption-beamer.sto
File: caption-beamer.sto 2022/01/06 v2.0c Adaption of the caption package to the beamer document classes (AR)
))
\c@caption@flags=\count343
\c@continuedfloat=\count344
Package caption Info: hyperref package is loaded.
Package caption Info: Hyperref support is turned off
(caption)             because hyperref has stopped early.
) (C:\Users\syves\AppData\Local\Programs\MiKTeX\tex/latex/base\makeidx.sty
Package: makeidx 2021/10/04 v1.0m Standard LaTeX package
) (C:\Users\syves\AppData\Local\Programs\MiKTeX\tex/latex/beamertheme-metropolis\beamerthememetropolis.sty
Package: beamerthememetropolis 2017/01/23 v1.2 Metropolis Beamer theme
 (C:\Users\syves\AppData\Local\Programs\MiKTeX\tex/latex/pgfopts\pgfopts.sty
Package: pgfopts 2014/07/10 v2.1a LaTeX package options with pgfkeys
\pgfopts@list@add@a@toks=\toks46
\pgfopts@list@add@b@toks=\toks47
) (C:\Users\syves\AppData\Local\Programs\MiKTeX\tex/latex/beamertheme-metropolis\beamerinnerthememetropolis.sty
Package: beamerinnerthememetropolis 2017/01/23 Metropolis inner theme
 (C:\Users\syves\AppData\Local\Programs\MiKTeX\tex/latex/tools\calc.sty
Package: calc 2023/07/08 v4.3 Infix arithmetic (KKT,FJ)
\calc@Acount=\count345
\calc@Bcount=\count346
\calc@Adimen=\dimen303
\calc@Bdimen=\dimen304
\calc@Askip=\skip66
\calc@Bskip=\skip67
LaTeX Info: Redefining \setlength on input line 80.
LaTeX Info: Redefining \addtolength on input line 81.
\calc@Ccount=\count347
\calc@Cskip=\skip68
) (C:\Users\syves\AppData\Local\Programs\MiKTeX\tex/latex/pgf/frontendlayer\tikz.sty (C:\Users\syves\AppData\Local\Programs\MiKTeX\tex/latex/pgf/basiclayer\pgf.sty
Package: pgf 2023-01-15 v3.1.10 (3.1.10)
 (C:\Users\syves\AppData\Local\Programs\MiKTeX\tex/generic/pgf/modules\pgfmoduleshapes.code.tex
File: pgfmoduleshapes.code.tex 2023-01-15 v3.1.10 (3.1.10)
\pgfnodeparttextbox=\box77
) (C:\Users\syves\AppData\Local\Programs\MiKTeX\tex/generic/pgf/modules\pgfmoduleplot.code.tex
File: pgfmoduleplot.code.tex 2023-01-15 v3.1.10 (3.1.10)
) (C:\Users\syves\AppData\Local\Programs\MiKTeX\tex/latex/pgf/compatibility\pgfcomp-version-0-65.sty
Package: pgfcomp-version-0-65 2023-01-15 v3.1.10 (3.1.10)
\pgf@nodesepstart=\dimen305
\pgf@nodesepend=\dimen306
) (C:\Users\syves\AppData\Local\Programs\MiKTeX\tex/latex/pgf/compatibility\pgfcomp-version-1-18.sty
Package: pgfcomp-version-1-18 2023-01-15 v3.1.10 (3.1.10)
)) (C:\Users\syves\AppData\Local\Programs\MiKTeX\tex/latex/pgf/utilities\pgffor.sty (C:\Users\syves\AppData\Local\Programs\MiKTeX\tex/generic/pgf/utilities\pgffor.code.tex
Package: pgffor 2023-01-15 v3.1.10 (3.1.10)
\pgffor@iter=\dimen307
\pgffor@skip=\dimen308
\pgffor@stack=\toks48
\pgffor@toks=\toks49
)) (C:\Users\syves\AppData\Local\Programs\MiKTeX\tex/generic/pgf/frontendlayer/tikz\tikz.code.tex
Package: tikz 2023-01-15 v3.1.10 (3.1.10)
 (C:\Users\syves\AppData\Local\Programs\MiKTeX\tex/generic/pgf/libraries\pgflibraryplothandlers.code.tex
File: pgflibraryplothandlers.code.tex 2023-01-15 v3.1.10 (3.1.10)
\pgf@plot@mark@count=\count348
\pgfplotmarksize=\dimen309
)
\tikz@lastx=\dimen310
\tikz@lasty=\dimen311
\tikz@lastxsaved=\dimen312
\tikz@lastysaved=\dimen313
\tikz@lastmovetox=\dimen314
\tikz@lastmovetoy=\dimen315
\tikzleveldistance=\dimen316
\tikzsiblingdistance=\dimen317
\tikz@figbox=\box78
\tikz@figbox@bg=\box79
\tikz@tempbox=\box80
\tikz@tempbox@bg=\box81
\tikztreelevel=\count349
\tikznumberofchildren=\count350
\tikznumberofcurrentchild=\count351
\tikz@fig@count=\count352
 (C:\Users\syves\AppData\Local\Programs\MiKTeX\tex/generic/pgf/modules\pgfmodulematrix.code.tex
File: pgfmodulematrix.code.tex 2023-01-15 v3.1.10 (3.1.10)
\pgfmatrixcurrentrow=\count353
\pgfmatrixcurrentcolumn=\count354
\pgf@matrix@numberofcolumns=\count355
)
\tikz@expandcount=\count356
 (C:\Users\syves\AppData\Local\Programs\MiKTeX\tex/generic/pgf/frontendlayer/tikz/libraries\tikzlibrarytopaths.code.tex
File: tikzlibrarytopaths.code.tex 2023-01-15 v3.1.10 (3.1.10)
)))
\metropolis@titleseparator@linewidth=\skip69
\metropolis@progressonsectionpage=\skip70
\metropolis@progressonsectionpage@linewidth=\skip71
\metropolis@blocksep=\skip72
\metropolis@blockadjust=\skip73
\metropolis@parskip=\skip74
) (C:\Users\syves\AppData\Local\Programs\MiKTeX\tex/latex/beamertheme-metropolis\beamerouterthememetropolis.sty
Package: beamerouterthememetropolis 2017/01/23 Metropolis outer theme
\metropolis@frametitle@padding=\skip75
\metropolis@progressinheadfoot=\skip76
\metropolis@progressinheadfoot@linewidth=\skip77
) (C:\Users\syves\AppData\Local\Programs\MiKTeX\tex/latex/beamertheme-metropolis\beamercolorthememetropolis.sty
Package: beamercolorthememetropolis 2017/01/23 Metropolis color theme
) (C:\Users\syves\AppData\Local\Programs\MiKTeX\tex/latex/beamertheme-metropolis\beamerfontthememetropolis.sty
Package: beamerfontthememetropolis 2017/01/23 Metropolis font theme
 (C:\Users\syves\AppData\Local\Programs\MiKTeX\tex/generic/iftex\ifxetex.sty
Package: ifxetex 2019/10/25 v0.7 ifxetex legacy package. Use iftex instead.
) (C:\Users\syves\AppData\Local\Programs\MiKTeX\tex/generic/iftex\ifluatex.sty
Package: ifluatex 2019/10/25 v1.5 ifluatex legacy package. Use iftex instead.
)

Package beamerthememetropolis Warning: You need to compile with XeLaTeX or LuaLaTeX to use the Fira fonts on input line 95.

)) (C:\Users\syves\AppData\Local\Programs\MiKTeX\tex/latex/l3backend\l3backend-pdftex.def
File: l3backend-pdftex.def 2024-05-08 L3 backend support: PDF output (pdfTeX)
\l__color_backend_stack_int=\count357
\l__pdf_internal_box=\box82
) (presentation.aux)
\openout1 = `presentation.aux'.

LaTeX Font Info:    Checking defaults for OML/cmm/m/it on input line 40.
LaTeX Font Info:    ... okay on input line 40.
LaTeX Font Info:    Checking defaults for OMS/cmsy/m/n on input line 40.
LaTeX Font Info:    ... okay on input line 40.
LaTeX Font Info:    Checking defaults for OT1/cmr/m/n on input line 40.
LaTeX Font Info:    ... okay on input line 40.
LaTeX Font Info:    Checking defaults for T1/cmr/m/n on input line 40.
LaTeX Font Info:    ... okay on input line 40.
LaTeX Font Info:    Checking defaults for TS1/cmr/m/n on input line 40.
LaTeX Font Info:    ... okay on input line 40.
LaTeX Font Info:    Checking defaults for OMX/cmex/m/n on input line 40.
LaTeX Font Info:    ... okay on input line 40.
LaTeX Font Info:    Checking defaults for U/cmr/m/n on input line 40.
LaTeX Font Info:    ... okay on input line 40.
LaTeX Font Info:    Checking defaults for PD1/pdf/m/n on input line 40.
LaTeX Font Info:    ... okay on input line 40.
LaTeX Font Info:    Checking defaults for PU/pdf/m/n on input line 40.
LaTeX Font Info:    ... okay on input line 40.

*geometry* driver: auto-detecting
*geometry* detected driver: pdftex
*geometry* verbose mode - [ preamble ] result:
* driver: pdftex
* paper: custom
* layout: <same size as paper>
* layoutoffset:(h,v)=(0.0pt,0.0pt)
* modes: includehead includefoot 
* h-part:(L,W,R)=(28.45274pt, 307.28987pt, 28.45274pt)
* v-part:(T,H,B)=(0.0pt, 273.14662pt, 0.0pt)
* \paperwidth=364.19536pt
* \paperheight=273.14662pt
* \textwidth=307.28987pt
* \textheight=244.6939pt
* \oddsidemargin=-43.81725pt
* \evensidemargin=-43.81725pt
* \topmargin=-72.26999pt
* \headheight=14.22636pt
* \headsep=0.0pt
* \topskip=11.0pt
* \footskip=14.22636pt
* \marginparwidth=4.0pt
* \marginparsep=10.0pt
* \columnsep=10.0pt
* \skip\footins=10.0pt plus 4.0pt minus 2.0pt
* \hoffset=0.0pt
* \voffset=0.0pt
* \mag=1000
* \@twocolumnfalse
* \@twosidefalse
* \@mparswitchfalse
* \@reversemarginfalse
* (1in=72.27pt=25.4mm, 1cm=28.453pt)

(C:\Users\syves\AppData\Local\Programs\MiKTeX\tex/context/base/mkii\supp-pdf.mkii
[Loading MPS to PDF converter (version 2006.09.02).]
\scratchcounter=\count358
\scratchdimen=\dimen318
\scratchbox=\box83
\nofMPsegments=\count359
\nofMParguments=\count360
\everyMPshowfont=\toks50
\MPscratchCnt=\count361
\MPscratchDim=\dimen319
\MPnumerator=\count362
\makeMPintoPDFobject=\count363
\everyMPtoPDFconversion=\toks51
) (C:\Users\syves\AppData\Local\Programs\MiKTeX\tex/latex/epstopdf-pkg\epstopdf-base.sty
Package: epstopdf-base 2020-01-24 v2.11 Base part for package epstopdf
Package epstopdf-base Info: Redefining graphics rule for `.eps' on input line 485.
 (C:\Users\syves\AppData\Local\Programs\MiKTeX\tex/latex/00miktex\epstopdf-sys.cfg
File: epstopdf-sys.cfg 2021/03/18 v2.0 Configuration of epstopdf for MiKTeX
))
Package hyperref Info: Link coloring OFF on input line 40.
 (presentation.out) (presentation.out)
\@outlinefile=\write5
\openout5 = `presentation.out'.

LaTeX Font Info:    Overwriting symbol font `operators' in version `normal'
(Font)                  OT1/cmr/m/n --> OT1/cmss/m/n on input line 40.
LaTeX Font Info:    Overwriting symbol font `operators' in version `bold'
(Font)                  OT1/cmr/bx/n --> OT1/cmss/b/n on input line 40.
\symnumbers=\mathgroup6
\sympureletters=\mathgroup7
LaTeX Font Info:    Overwriting math alphabet `\mathrm' in version `normal'
(Font)                  OT1/cmss/m/n --> OT1/cmr/m/n on input line 40.
LaTeX Font Info:    Redeclaring math alphabet \mathbf on input line 40.
LaTeX Font Info:    Overwriting math alphabet `\mathbf' in version `normal'
(Font)                  OT1/cmr/bx/n --> OT1/cmss/b/n on input line 40.
LaTeX Font Info:    Overwriting math alphabet `\mathbf' in version `bold'
(Font)                  OT1/cmr/bx/n --> OT1/cmss/b/n on input line 40.
LaTeX Font Info:    Redeclaring math alphabet \mathsf on input line 40.
LaTeX Font Info:    Overwriting math alphabet `\mathsf' in version `normal'
(Font)                  OT1/cmss/m/n --> OT1/cmss/m/n on input line 40.
LaTeX Font Info:    Overwriting math alphabet `\mathsf' in version `bold'
(Font)                  OT1/cmss/bx/n --> OT1/cmss/m/n on input line 40.
LaTeX Font Info:    Redeclaring math alphabet \mathit on input line 40.
LaTeX Font Info:    Overwriting math alphabet `\mathit' in version `normal'
(Font)                  OT1/cmr/m/it --> OT1/cmss/m/it on input line 40.
LaTeX Font Info:    Overwriting math alphabet `\mathit' in version `bold'
(Font)                  OT1/cmr/bx/it --> OT1/cmss/m/it on input line 40.
LaTeX Font Info:    Redeclaring math alphabet \mathtt on input line 40.
LaTeX Font Info:    Overwriting math alphabet `\mathtt' in version `normal'
(Font)                  OT1/cmtt/m/n --> OT1/cmtt/m/n on input line 40.
LaTeX Font Info:    Overwriting math alphabet `\mathtt' in version `bold'
(Font)                  OT1/cmtt/m/n --> OT1/cmtt/m/n on input line 40.
LaTeX Font Info:    Overwriting symbol font `numbers' in version `bold'
(Font)                  OT1/cmss/m/n --> OT1/cmss/b/n on input line 40.
LaTeX Font Info:    Overwriting symbol font `pureletters' in version `bold'
(Font)                  OT1/cmss/m/it --> OT1/cmss/b/it on input line 40.
LaTeX Font Info:    Overwriting math alphabet `\mathrm' in version `bold'
(Font)                  OT1/cmss/b/n --> OT1/cmr/b/n on input line 40.
LaTeX Font Info:    Overwriting math alphabet `\mathbf' in version `bold'
(Font)                  OT1/cmss/b/n --> OT1/cmss/b/n on input line 40.
LaTeX Font Info:    Overwriting math alphabet `\mathsf' in version `bold'
(Font)                  OT1/cmss/m/n --> OT1/cmss/b/n on input line 40.
LaTeX Font Info:    Overwriting math alphabet `\mathit' in version `bold'
(Font)                  OT1/cmss/m/it --> OT1/cmss/b/it on input line 40.
LaTeX Font Info:    Overwriting math alphabet `\mathtt' in version `bold'
(Font)                  OT1/cmtt/m/n --> OT1/cmtt/b/n on input line 40.
LaTeX Font Info:    Redeclaring symbol font `pureletters' on input line 40.
LaTeX Font Info:    Overwriting symbol font `pureletters' in version `normal'
(Font)                  OT1/cmss/m/it --> OT1/mathkerncmss/m/sl on input line 40.
LaTeX Font Info:    Overwriting symbol font `pureletters' in version `bold'
(Font)                  OT1/cmss/b/it --> OT1/mathkerncmss/m/sl on input line 40.
LaTeX Font Info:    Overwriting symbol font `pureletters' in version `bold'
(Font)                  OT1/mathkerncmss/m/sl --> OT1/mathkerncmss/bx/sl on input line 40.
 (C:\Users\syves\AppData\Local\Programs\MiKTeX\tex/latex/translator\translator-basic-dictionary-English.dict
Dictionary: translator-basic-dictionary, Language: English 
) (C:\Users\syves\AppData\Local\Programs\MiKTeX\tex/latex/translator\translator-bibliography-dictionary-English.dict
Dictionary: translator-bibliography-dictionary, Language: English 
) (C:\Users\syves\AppData\Local\Programs\MiKTeX\tex/latex/translator\translator-environment-dictionary-English.dict
Dictionary: translator-environment-dictionary, Language: English 
) (C:\Users\syves\AppData\Local\Programs\MiKTeX\tex/latex/translator\translator-months-dictionary-English.dict
Dictionary: translator-months-dictionary, Language: English 
) (C:\Users\syves\AppData\Local\Programs\MiKTeX\tex/latex/translator\translator-numbers-dictionary-English.dict
Dictionary: translator-numbers-dictionary, Language: English 
) (C:\Users\syves\AppData\Local\Programs\MiKTeX\tex/latex/translator\translator-theorem-dictionary-English.dict
Dictionary: translator-theorem-dictionary, Language: English 
)
Package caption Info: Begin \AtBeginDocument code.
Package caption Info: End \AtBeginDocument code.
 (presentation.nav)
<Bilder/HSKLLogo - black font.png, id=44, 415.5525pt x 216.3282pt>
File: Bilder/HSKLLogo - black font.png Graphic file (type png)
<use Bilder/HSKLLogo - black font.png>
Package pdftex.def Info: Bilder/HSKLLogo - black font.png  used on input line 41.
(pdftex.def)             Requested size: 56.9055pt x 29.62225pt.

Overfull \vbox (51.52231pt too high) detected at line 41
 []


Overfull \vbox (44.55656pt too high) detected at line 41
 []



[1

{C:/Users/syves/AppData/Local/MiKTeX/fonts/map/pdftex/pdftex.map} <./Bilder/HSKLLogo - black font.png>] (presentation.toc)
<Bilder/HSKLLogo - white font.png, id=64, 415.5525pt x 216.3282pt>
File: Bilder/HSKLLogo - white font.png Graphic file (type png)
<use Bilder/HSKLLogo - white font.png>
Package pdftex.def Info: Bilder/HSKLLogo - white font.png  used on input line 46.
(pdftex.def)             Requested size: 40.4417pt x 21.05519pt.


[2

 <./Bilder/HSKLLogo - white font.png>]
LaTeX Font Info:    Trying to load font information for U+msa on input line 48.
 (C:\Users\syves\AppData\Local\Programs\MiKTeX\tex/latex/amsfonts\umsa.fd
File: umsa.fd 2013/01/14 v3.01 AMS symbols A
)
LaTeX Font Info:    Trying to load font information for U+msb on input line 48.
 (C:\Users\syves\AppData\Local\Programs\MiKTeX\tex/latex/amsfonts\umsb.fd
File: umsb.fd 2013/01/14 v3.01 AMS symbols B
)
LaTeX Font Info:    Trying to load font information for OT1+mathkerncmss on input line 48.
 (C:\Users\syves\AppData\Local\Programs\MiKTeX\tex/latex/sansmathaccent\ot1mathkerncmss.fd
File: ot1mathkerncmss.fd 2020/01/31 Fontinst v1.933 font definitions for OT1/mathkerncmss.
)

[3

]
LaTeX Font Info:    Trying to load font information for TS1+cmss on input line 61.
 (C:\Users\syves\AppData\Local\Programs\MiKTeX\tex/latex/base\ts1cmss.fd
File: ts1cmss.fd 2023/04/13 v2.5m Standard LaTeX font definitions
)
<Bilder/Stent.jpg, id=84, 5339.95pt x 2810.5pt>
File: Bilder/Stent.jpg Graphic file (type jpg)
<use Bilder/Stent.jpg>
Package pdftex.def Info: Bilder/Stent.jpg  used on input line 61.
(pdftex.def)             Requested size: 184.9429pt x 97.30544pt.

Overfull \hbox (21.90005pt too wide) in paragraph at lines 61--61
[][]
 []


Underfull \hbox (badness 10000) in paragraph at lines 61--61

 []

File: Bilder/HSKLLogo - white font.png Graphic file (type png)
<use Bilder/HSKLLogo - white font.png>
Package pdftex.def Info: Bilder/HSKLLogo - white font.png  used on input line 61.
(pdftex.def)             Requested size: 40.4417pt x 21.05519pt.


[4

 <./Bilder/Stent.jpg>]

[5

]
<Bilder/MoA_Gesa_preversion_cut.jpg, id=96, 345.98552pt x 411.99591pt>
File: Bilder/MoA_Gesa_preversion_cut.jpg Graphic file (type jpg)
<use Bilder/MoA_Gesa_preversion_cut.jpg>
Package pdftex.def Info: Bilder/MoA_Gesa_preversion_cut.jpg  used on input line 90.
(pdftex.def)             Requested size: 113.49454pt x 135.15059pt.
<Bilder/Stentpositionen.png, id=97, 2007.5pt x 3559.2975pt>
File: Bilder/Stentpositionen.png Graphic file (type png)
<use Bilder/Stentpositionen.png>
Package pdftex.def Info: Bilder/Stentpositionen.png  used on input line 90.
(pdftex.def)             Requested size: 76.21227pt x 135.15059pt.

Overfull \hbox (21.90005pt too wide) in paragraph at lines 90--90
[][]
 []


Underfull \hbox (badness 10000) in paragraph at lines 90--90

 []

<Bilder/Annotationfragen/Kerbe.jpg, id=98, 1453.68094pt x 817.55438pt>
File: Bilder/Annotationfragen/Kerbe.jpg Graphic file (type jpg)
<use Bilder/Annotationfragen/Kerbe.jpg>
Package pdftex.def Info: Bilder/Annotationfragen/Kerbe.jpg  used on input line 90.
(pdftex.def)             Requested size: 151.76483pt x 85.35826pt.
<Bilder/Annotationfragen/Kratzer.jpg, id=99, 1498.09688pt x 998.9822pt>
File: Bilder/Annotationfragen/Kratzer.jpg Graphic file (type jpg)
<use Bilder/Annotationfragen/Kratzer.jpg>
Package pdftex.def Info: Bilder/Annotationfragen/Kratzer.jpg  used on input line 90.
(pdftex.def)             Requested size: 127.98804pt x 85.35826pt.

Overfull \hbox (21.90005pt too wide) in paragraph at lines 90--90
[][]
 []


Underfull \hbox (badness 10000) in paragraph at lines 90--90

 []

<Bilder/toolima.png, id=100, 688.07062pt x 423.08063pt>
File: Bilder/toolima.png Graphic file (type png)
<use Bilder/toolima.png>
Package pdftex.def Info: Bilder/toolima.png  used on input line 90.
(pdftex.def)             Requested size: 247.53888pt x 152.20561pt.

Overfull \hbox (21.90005pt too wide) in paragraph at lines 90--90
[][]
 []


Underfull \hbox (badness 10000) in paragraph at lines 90--90

 []

File: Bilder/HSKLLogo - white font.png Graphic file (type png)
<use Bilder/HSKLLogo - white font.png>
Package pdftex.def Info: Bilder/HSKLLogo - white font.png  used on input line 90.
(pdftex.def)             Requested size: 40.4417pt x 21.05519pt.


[6

 <./Bilder/MoA_Gesa_preversion_cut.jpg> <./Bilder/Stentpositionen.png>]
File: Bilder/HSKLLogo - white font.png Graphic file (type png)
<use Bilder/HSKLLogo - white font.png>
Package pdftex.def Info: Bilder/HSKLLogo - white font.png  used on input line 90.
(pdftex.def)             Requested size: 40.4417pt x 21.05519pt.


[7


 <./Bilder/Annotationfragen/Kerbe.jpg> <./Bilder/Annotationfragen/Kratzer.jpg>]
File: Bilder/HSKLLogo - white font.png Graphic file (type png)
<use Bilder/HSKLLogo - white font.png>
Package pdftex.def Info: Bilder/HSKLLogo - white font.png  used on input line 90.
(pdftex.def)             Requested size: 40.4417pt x 21.05519pt.


[8


 <./Bilder/toolima.png>]

[9

]
File: Bilder/HSKLLogo - white font.png Graphic file (type png)
<use Bilder/HSKLLogo - white font.png>
Package pdftex.def Info: Bilder/HSKLLogo - white font.png  used on input line 113.
(pdftex.def)             Requested size: 40.4417pt x 21.05519pt.


[10

]

[11

]
File: Bilder/HSKLLogo - white font.png Graphic file (type png)
<use Bilder/HSKLLogo - white font.png>
Package pdftex.def Info: Bilder/HSKLLogo - white font.png  used on input line 133.
(pdftex.def)             Requested size: 40.4417pt x 21.05519pt.


[12

]

[13

]
<Bilder/Mir_Set_true_vs_false.png, id=150, 568.7649pt x 346.896pt>
File: Bilder/Mir_Set_true_vs_false.png Graphic file (type png)
<use Bilder/Mir_Set_true_vs_false.png>
Package pdftex.def Info: Bilder/Mir_Set_true_vs_false.png  used on input line 235.
(pdftex.def)             Requested size: 256.84909pt x 156.65753pt.

Overfull \hbox (21.90005pt too wide) in paragraph at lines 235--235
[][]
 []


Underfull \hbox (badness 10000) in paragraph at lines 235--235

 []

<Bilder/Augmentation/mlr.jpg, id=151, 5339.95pt x 2810.5pt>
File: Bilder/Augmentation/mlr.jpg Graphic file (type jpg)
<use Bilder/Augmentation/mlr.jpg>
Package pdftex.def Info: Bilder/Augmentation/mlr.jpg  used on input line 235.
(pdftex.def)             Requested size: 129.7177pt x 68.28644pt.
<Bilder/Augmentation/mtb.jpg, id=152, 5339.95pt x 2810.5pt>
File: Bilder/Augmentation/mtb.jpg Graphic file (type jpg)
<use Bilder/Augmentation/mtb.jpg>
Package pdftex.def Info: Bilder/Augmentation/mtb.jpg  used on input line 235.
(pdftex.def)             Requested size: 129.7177pt x 68.28644pt.
<Bilder/Augmentation/mtlr.jpg, id=153, 5339.95pt x 2810.5pt>
File: Bilder/Augmentation/mtlr.jpg Graphic file (type jpg)
<use Bilder/Augmentation/mtlr.jpg>
Package pdftex.def Info: Bilder/Augmentation/mtlr.jpg  used on input line 235.
(pdftex.def)             Requested size: 129.7177pt x 68.28644pt.

Overfull \hbox (43.80011pt too wide) in paragraph at lines 235--235
[][]
 []


Underfull \hbox (badness 10000) in paragraph at lines 235--235

 []

<Bilder/Augmentation/-2grad.jpg, id=154, 5339.95pt x 2810.5pt>
File: Bilder/Augmentation/-2grad.jpg Graphic file (type jpg)
<use Bilder/Augmentation/-2grad.jpg>
Package pdftex.def Info: Bilder/Augmentation/-2grad.jpg  used on input line 235.
(pdftex.def)             Requested size: 151.31017pt x 79.6678pt.
<Bilder/Augmentation/5grad.jpg, id=155, 5339.95pt x 2810.5pt>
File: Bilder/Augmentation/5grad.jpg Graphic file (type jpg)
<use Bilder/Augmentation/5grad.jpg>
Package pdftex.def Info: Bilder/Augmentation/5grad.jpg  used on input line 235.
(pdftex.def)             Requested size: 151.31017pt x 79.6678pt.

Overfull \hbox (43.80011pt too wide) in paragraph at lines 235--235
[][]
 []


Underfull \hbox (badness 10000) in paragraph at lines 235--235

 []

<Bilder/Augmentation/gauss.jpg, id=156, 5339.95pt x 2810.5pt>
File: Bilder/Augmentation/gauss.jpg Graphic file (type jpg)
<use Bilder/Augmentation/gauss.jpg>
Package pdftex.def Info: Bilder/Augmentation/gauss.jpg  used on input line 235.
(pdftex.def)             Requested size: 270.27238pt x 142.26378pt.

Overfull \hbox (6.78262pt too wide) in paragraph at lines 235--235
 [] 
 []


Overfull \hbox (43.80011pt too wide) in paragraph at lines 235--235
[][]
 []


Underfull \hbox (badness 10000) in paragraph at lines 235--235

 []

<Bilder/Augmentation/kontrastnderung.jpg, id=157, 5339.95pt x 2810.5pt>
File: Bilder/Augmentation/kontrastnderung.jpg Graphic file (type jpg)
<use Bilder/Augmentation/kontrastnderung.jpg>
Package pdftex.def Info: Bilder/Augmentation/kontrastnderung.jpg  used on input line 235.
(pdftex.def)             Requested size: 270.27238pt x 142.26378pt.

Overfull \hbox (6.78262pt too wide) in paragraph at lines 235--235
 [] 
 []


Overfull \hbox (43.80011pt too wide) in paragraph at lines 235--235
[][]
 []


Underfull \hbox (badness 10000) in paragraph at lines 235--235

 []

<Bilder/Augmentation/verzerrung.jpg, id=158, 5339.95pt x 2810.5pt>
File: Bilder/Augmentation/verzerrung.jpg Graphic file (type jpg)
<use Bilder/Augmentation/verzerrung.jpg>
Package pdftex.def Info: Bilder/Augmentation/verzerrung.jpg  used on input line 235.
(pdftex.def)             Requested size: 270.27238pt x 142.26378pt.

Overfull \hbox (6.78262pt too wide) in paragraph at lines 235--235
 [] 
 []


Overfull \hbox (43.80011pt too wide) in paragraph at lines 235--235
[][]
 []


Underfull \hbox (badness 10000) in paragraph at lines 235--235

 []

<Bilder/alle_Sets_false_trans.png, id=159, 573.1011pt x 346.896pt>
File: Bilder/alle_Sets_false_trans.png Graphic file (type png)
<use Bilder/alle_Sets_false_trans.png>
Package pdftex.def Info: Bilder/alle_Sets_false_trans.png  used on input line 235.
(pdftex.def)             Requested size: 242.58308pt x 146.83336pt.

Overfull \hbox (21.90005pt too wide) in paragraph at lines 235--235
[][]
 []


Underfull \hbox (badness 10000) in paragraph at lines 235--235

 []

<Bilder/UNET_transparent.png, id=160, 1560.83125pt x 1039.885pt>
File: Bilder/UNET_transparent.png Graphic file (type png)
<use Bilder/UNET_transparent.png>
Package pdftex.def Info: Bilder/UNET_transparent.png  used on input line 235.
(pdftex.def)             Requested size: 228.31271pt x 152.10439pt.

Overfull \hbox (21.90005pt too wide) in paragraph at lines 235--235
[][]
 []


Underfull \hbox (badness 10000) in paragraph at lines 235--235

 []

<Bilder/halfUNET.png, id=163, 1088.065pt x 669.50125pt>
File: Bilder/halfUNET.png Graphic file (type png)
<use Bilder/halfUNET.png>
Package pdftex.def Info: Bilder/halfUNET.png  used on input line 235.
(pdftex.def)             Requested size: 228.31271pt x 140.47682pt.

Overfull \hbox (21.90005pt too wide) in paragraph at lines 235--235
[][]
 []


Underfull \hbox (badness 10000) in paragraph at lines 235--235

 []

<Bilder/UNET_vs_halfUNET.png, id=166, 629.4717pt x 346.896pt>
File: Bilder/UNET_vs_halfUNET.png Graphic file (type png)
<use Bilder/UNET_vs_halfUNET.png>
Package pdftex.def Info: Bilder/UNET_vs_halfUNET.png  used on input line 235.
(pdftex.def)             Requested size: 242.58308pt x 133.68504pt.

Overfull \hbox (21.90005pt too wide) in paragraph at lines 235--235
[][]
 []


Underfull \hbox (badness 10000) in paragraph at lines 235--235

 []

File: Bilder/HSKLLogo - white font.png Graphic file (type png)
<use Bilder/HSKLLogo - white font.png>
Package pdftex.def Info: Bilder/HSKLLogo - white font.png  used on input line 235.
(pdftex.def)             Requested size: 40.4417pt x 21.05519pt.


[14

]
File: Bilder/HSKLLogo - white font.png Graphic file (type png)
<use Bilder/HSKLLogo - white font.png>
Package pdftex.def Info: Bilder/HSKLLogo - white font.png  used on input line 235.
(pdftex.def)             Requested size: 40.4417pt x 21.05519pt.


[15


 <./Bilder/Mir_Set_true_vs_false.png>]
File: Bilder/HSKLLogo - white font.png Graphic file (type png)
<use Bilder/HSKLLogo - white font.png>
Package pdftex.def Info: Bilder/HSKLLogo - white font.png  used on input line 235.
(pdftex.def)             Requested size: 40.4417pt x 21.05519pt.


[16


 <./Bilder/Augmentation/mlr.jpg> <./Bilder/Augmentation/mtb.jpg> <./Bilder/Augmentation/mtlr.jpg>]
File: Bilder/HSKLLogo - white font.png Graphic file (type png)
<use Bilder/HSKLLogo - white font.png>
Package pdftex.def Info: Bilder/HSKLLogo - white font.png  used on input line 235.
(pdftex.def)             Requested size: 40.4417pt x 21.05519pt.


[17


 <./Bilder/Augmentation/-2grad.jpg> <./Bilder/Augmentation/5grad.jpg>]
File: Bilder/HSKLLogo - white font.png Graphic file (type png)
<use Bilder/HSKLLogo - white font.png>
Package pdftex.def Info: Bilder/HSKLLogo - white font.png  used on input line 235.
(pdftex.def)             Requested size: 40.4417pt x 21.05519pt.


[18


 <./Bilder/Augmentation/gauss.jpg>]
File: Bilder/HSKLLogo - white font.png Graphic file (type png)
<use Bilder/HSKLLogo - white font.png>
Package pdftex.def Info: Bilder/HSKLLogo - white font.png  used on input line 235.
(pdftex.def)             Requested size: 40.4417pt x 21.05519pt.


[19


 <./Bilder/Augmentation/kontrastnderung.jpg>]
File: Bilder/HSKLLogo - white font.png Graphic file (type png)
<use Bilder/HSKLLogo - white font.png>
Package pdftex.def Info: Bilder/HSKLLogo - white font.png  used on input line 235.
(pdftex.def)             Requested size: 40.4417pt x 21.05519pt.


[20


 <./Bilder/Augmentation/verzerrung.jpg>]
File: Bilder/HSKLLogo - white font.png Graphic file (type png)
<use Bilder/HSKLLogo - white font.png>
Package pdftex.def Info: Bilder/HSKLLogo - white font.png  used on input line 235.
(pdftex.def)             Requested size: 40.4417pt x 21.05519pt.


[21


]
File: Bilder/HSKLLogo - white font.png Graphic file (type png)
<use Bilder/HSKLLogo - white font.png>
Package pdftex.def Info: Bilder/HSKLLogo - white font.png  used on input line 235.
(pdftex.def)             Requested size: 40.4417pt x 21.05519pt.


[22


 <./Bilder/alle_Sets_false_trans.png>]
File: Bilder/HSKLLogo - white font.png Graphic file (type png)
<use Bilder/HSKLLogo - white font.png>
Package pdftex.def Info: Bilder/HSKLLogo - white font.png  used on input line 235.
(pdftex.def)             Requested size: 40.4417pt x 21.05519pt.


[23


 <./Bilder/UNET_transparent.png>]
File: Bilder/HSKLLogo - white font.png Graphic file (type png)
<use Bilder/HSKLLogo - white font.png>
Package pdftex.def Info: Bilder/HSKLLogo - white font.png  used on input line 235.
(pdftex.def)             Requested size: 40.4417pt x 21.05519pt.


[24


 <./Bilder/halfUNET.png>]
File: Bilder/HSKLLogo - white font.png Graphic file (type png)
<use Bilder/HSKLLogo - white font.png>
Package pdftex.def Info: Bilder/HSKLLogo - white font.png  used on input line 235.
(pdftex.def)             Requested size: 40.4417pt x 21.05519pt.


[25


 <./Bilder/UNET_vs_halfUNET.png>]

[26

]
<Bilder/Original.jpeg, id=242, 2569.6pt x 1352.05125pt>
File: Bilder/Original.jpeg Graphic file (type jpg)
<use Bilder/Original.jpeg>
Package pdftex.def Info: Bilder/Original.jpeg  used on input line 252.
(pdftex.def)             Requested size: 276.559pt x 145.50772pt.
<Bilder/Original_und_Maske.jpeg, id=243, 1203.7472pt x 633.11531pt>
File: Bilder/Original_und_Maske.jpeg Graphic file (type jpg)
<use Bilder/Original_und_Maske.jpeg>
Package pdftex.def Info: Bilder/Original_und_Maske.jpeg  used on input line 252.
(pdftex.def)             Requested size: 291.92444pt x 153.5351pt.
<Bilder/Prediction_und_Maske.jpeg, id=244, 1204.5pt x 542.77782pt>
File: Bilder/Prediction_und_Maske.jpeg Graphic file (type jpg)
<use Bilder/Prediction_und_Maske.jpeg>
Package pdftex.def Info: Bilder/Prediction_und_Maske.jpeg  used on input line 252.
(pdftex.def)             Requested size: 291.92444pt x 131.54477pt.
File: Bilder/HSKLLogo - white font.png Graphic file (type png)
<use Bilder/HSKLLogo - white font.png>
Package pdftex.def Info: Bilder/HSKLLogo - white font.png  used on input line 252.
(pdftex.def)             Requested size: 40.4417pt x 21.05519pt.


[27

 <./Bilder/Original.jpeg>]
File: Bilder/HSKLLogo - white font.png Graphic file (type png)
<use Bilder/HSKLLogo - white font.png>
Package pdftex.def Info: Bilder/HSKLLogo - white font.png  used on input line 252.
(pdftex.def)             Requested size: 40.4417pt x 21.05519pt.


[28


 <./Bilder/Original_und_Maske.jpeg>]
File: Bilder/HSKLLogo - white font.png Graphic file (type png)
<use Bilder/HSKLLogo - white font.png>
Package pdftex.def Info: Bilder/HSKLLogo - white font.png  used on input line 252.
(pdftex.def)             Requested size: 40.4417pt x 21.05519pt.


[29


 <./Bilder/Prediction_und_Maske.jpeg>]

[30

]
File: Bilder/HSKLLogo - white font.png Graphic file (type png)
<use Bilder/HSKLLogo - white font.png>
Package pdftex.def Info: Bilder/HSKLLogo - white font.png  used on input line 269.
(pdftex.def)             Requested size: 40.4417pt x 21.05519pt.


[31

]

[32

]
<Bilder/Happy Stent.png, id=276, 84.315pt x 104.0688pt>
File: Bilder/Happy Stent.png Graphic file (type png)
<use Bilder/Happy Stent.png>
Package pdftex.def Info: Bilder/Happy Stent.png  used on input line 289.
(pdftex.def)             Requested size: 138.2795pt x 170.68028pt.
File: Bilder/HSKLLogo - white font.png Graphic file (type png)
<use Bilder/HSKLLogo - white font.png>
Package pdftex.def Info: Bilder/HSKLLogo - white font.png  used on input line 289.
(pdftex.def)             Requested size: 40.4417pt x 21.05519pt.


[33

 <./Bilder/Happy Stent.png>]
File: Bilder/HSKLLogo - white font.png Graphic file (type png)
<use Bilder/HSKLLogo - white font.png>
Package pdftex.def Info: Bilder/HSKLLogo - white font.png  used on input line 289.
(pdftex.def)             Requested size: 40.4417pt x 21.05519pt.


[34


]
\tf@nav=\write6
\openout6 = `presentation.nav'.

\tf@toc=\write7
\openout7 = `presentation.toc'.

\tf@snm=\write8
\openout8 = `presentation.snm'.

 (presentation.aux)
 ***********
LaTeX2e <2024-06-01>
L3 programming layer <2024-05-08>
 ***********
Package rerunfilecheck Info: File `presentation.out' has not changed.
(rerunfilecheck)             Checksum: C2DBC62615C4937B035A4DE735E3A600;1214.
 ) 
Here is how much of TeX's memory you used:
 26907 strings out of 473938
 547863 string characters out of 5727392
 1944893 words of memory out of 5000000
 49137 multiletter control sequences out of 15000+600000
 570950 words of font info for 82 fonts, out of 8000000 for 9000
 1141 hyphenation exceptions out of 8191
 128i,16n,123p,1888b,833s stack positions out of 10000i,1000n,20000p,200000b,200000s
 <C:\Users\syves\AppData\Local\MiKTeX\fonts/pk/ljfour/jknappen/ec/dpi600\tcss1000.pk> <C:\Users\syves\AppData\Local\MiKTeX\fonts/pk/ljfour/jknappen/ec/dpi600\tcss1095.pk><C:/Users/syves/AppData/Local/Programs/MiKTeX/fonts/type1/public/amsfonts/cm/cmmi10.pfb><C:/Users/syves/AppData/Local/Programs/MiKTeX/fonts/type1/public/amsfonts/cm/cmss10.pfb><C:/Users/syves/AppData/Local/Programs/MiKTeX/fonts/type1/public/amsfonts/cm/cmss8.pfb><C:/Users/syves/AppData/Local/Programs/MiKTeX/fonts/type1/public/amsfonts/cm/cmssbx10.pfb><C:/Users/syves/AppData/Local/Programs/MiKTeX/fonts/type1/public/amsfonts/cm/cmssi10.pfb><C:/Users/syves/AppData/Local/Programs/MiKTeX/fonts/type1/public/amsfonts/cm/cmssi8.pfb><C:/Users/syves/AppData/Local/Programs/MiKTeX/fonts/type1/public/amsfonts/cm/cmsy10.pfb><C:/Users/syves/AppData/Local/Programs/MiKTeX/fonts/type1/public/amsfonts/cm/cmsy8.pfb><C:/Users/syves/AppData/Local/Programs/MiKTeX/fonts/type1/public/amsfonts/cm/cmtt10.pfb>
Output written on presentation.pdf (34 pages, 11357380 bytes).
PDF statistics:
 355 PDF objects out of 1000 (max. 8388607)
 77 named destinations out of 1000 (max. 500000)
 232 words of extra memory for PDF output out of 10000 (max. 10000000)

